0 info it worked if it ends with ok
1 verbose cli [ '/Users/sherylboughton/.nvm/versions/node/v4.3.2/bin/node',
1 verbose cli   '/Users/sherylboughton/.nvm/versions/node/v4.3.2/bin/npm',
1 verbose cli   'run',
1 verbose cli   'babel',
1 verbose cli   'test.js',
1 verbose cli   '--',
1 verbose cli   '--out-file',
1 verbose cli   'compiledTest.js' ]
2 info using npm@2.14.12
3 info using node@v4.3.2
4 verbose run-script [ 'prebabel', 'babel', 'postbabel' ]
5 info prebabel ia-technical-challenge@1.0.0
6 info babel ia-technical-challenge@1.0.0
7 verbose unsafe-perm in lifecycle true
8 info ia-technical-challenge@1.0.0 Failed to exec babel script
9 verbose stack Error: ia-technical-challenge@1.0.0 babel: `babel "test.js" "--out-file" "compiledTest.js"`
9 verbose stack Exit status 1
9 verbose stack     at EventEmitter.<anonymous> (/Users/sherylboughton/.nvm/versions/node/v4.3.2/lib/node_modules/npm/lib/utils/lifecycle.js:214:16)
9 verbose stack     at emitTwo (events.js:87:13)
9 verbose stack     at EventEmitter.emit (events.js:172:7)
9 verbose stack     at ChildProcess.<anonymous> (/Users/sherylboughton/.nvm/versions/node/v4.3.2/lib/node_modules/npm/lib/utils/spawn.js:24:14)
9 verbose stack     at emitTwo (events.js:87:13)
9 verbose stack     at ChildProcess.emit (events.js:172:7)
9 verbose stack     at maybeClose (internal/child_process.js:821:16)
9 verbose stack     at Process.ChildProcess._handle.onexit (internal/child_process.js:211:5)
10 verbose pkgid ia-technical-challenge@1.0.0
11 verbose cwd /Users/sherylboughton/projects/JsProjects/IA-technical-challenge
12 error Darwin 20.6.0
13 error argv "/Users/sherylboughton/.nvm/versions/node/v4.3.2/bin/node" "/Users/sherylboughton/.nvm/versions/node/v4.3.2/bin/npm" "run" "babel" "test.js" "--" "--out-file" "compiledTest.js"
14 error node v4.3.2
15 error npm  v2.14.12
16 error code ELIFECYCLE
17 error ia-technical-challenge@1.0.0 babel: `babel "test.js" "--out-file" "compiledTest.js"`
17 error Exit status 1
18 error Failed at the ia-technical-challenge@1.0.0 babel script 'babel "test.js" "--out-file" "compiledTest.js"'.
18 error This is most likely a problem with the ia-technical-challenge package,
18 error not with npm itself.
18 error Tell the author that this fails on your system:
18 error     babel "test.js" "--out-file" "compiledTest.js"
18 error You can get their info via:
18 error     npm owner ls ia-technical-challenge
18 error There is likely additional logging output above.
19 verbose exit [ 1, true ]
